<?xml version="1.0" encoding="UTF-8"?>
<!-- Generated by org.testng.reporters.JUnitReportReporter -->
<testsuite hostname="MSI" failures="0" tests="1" name="testcases.Search" time="6.343" errors="0" timestamp="2023-08-24T12:00:28 IST" skipped="0">
  <testcase classname="testcases.Search" name="testButton" time="6.343"/>
</testsuite> <!-- testcases.Search -->
